C51 COMPILER V9.01   DENEME_1                                                              08/04/2012 15:07:33 PAGE 1   


C51 COMPILER V9.01, COMPILATION OF MODULE DENEME_1
OBJECT MODULE PLACED IN deneme_1.OBJ
COMPILER INVOKED BY: C:\Keil\C51\BIN\C51.EXE deneme_1.c BROWSE DEBUG OBJECTEXTEND TABS(2)

line level    source

   1          # include<89c51rd2.h>
   2          void main()
   3          {
   4   1      while(1)
   5   1      {
   6   2        while(P3_0);
   7   2        while(!P3_0);
   8   2        P3_7=!P3_7;
   9   2      }
  10   1      }


MODULE INFORMATION:   STATIC OVERLAYABLE
   CODE SIZE        =     10    ----
   CONSTANT SIZE    =   ----    ----
   XDATA SIZE       =   ----    ----
   PDATA SIZE       =   ----    ----
   DATA SIZE        =   ----    ----
   IDATA SIZE       =   ----    ----
   BIT SIZE         =   ----    ----
END OF MODULE INFORMATION.


C51 COMPILATION COMPLETE.  0 WARNING(S),  0 ERROR(S)
