C51 COMPILER V8.02   TEXT1                                                                 04/19/2010 08:38:35 PAGE 1   


C51 COMPILER V8.02, COMPILATION OF MODULE TEXT1
OBJECT MODULE PLACED IN Text1.OBJ
COMPILER INVOKED BY: C:\Keil\C51\BIN\C51.EXE Text1.c BROWSE DEBUG OBJECTEXTEND

line level    source

   1          #include<reg51cc01.h>
   2          #define sayýcý P1
   3          
   4          void main()
   5          {
   6   1      int a=0;
   7   1      int b=0;
   8   1      TL0=0;
   9   1      TMOD=0x05;
  10   1      TR0=1;
  11   1      sayýcý=0;
  12   1      while(1)
  13   1      {
  14   2      if(TL0==10){TL0=0; b+=16;}
  15   2      a=TL0;
  16   2      if((a+b)>0x99) {a=0;b=0;}
  17   2      sayýcý=a+b;
  18   2      
  19   2      
  20   2      }}


MODULE INFORMATION:   STATIC OVERLAYABLE
   CODE SIZE        =     58    ----
   CONSTANT SIZE    =   ----    ----
   XDATA SIZE       =   ----    ----
   PDATA SIZE       =   ----    ----
   DATA SIZE        =   ----    ----
   IDATA SIZE       =   ----    ----
   BIT SIZE         =   ----    ----
END OF MODULE INFORMATION.


C51 COMPILATION COMPLETE.  0 WARNING(S),  0 ERROR(S)
