C51 COMPILER V8.02   TEXT2                                                                 04/17/2010 22:46:45 PAGE 1   


C51 COMPILER V8.02, COMPILATION OF MODULE TEXT2
OBJECT MODULE PLACED IN Text2.OBJ
COMPILER INVOKED BY: C:\Keil\C51\BIN\C51.EXE Text2.c BROWSE DEBUG OBJECTEXTEND

line level    source

   1          #include<reg51cc01.h>
   2          
   3          void main()
   4          {
   5   1      
   6   1              TMOD=0x22;
   7   1              ET0=0; ET1=0;
   8   1              TH0=236;TH1=156;
   9   1              TR0=1;TR1=1;
  10   1              while(1)
  11   1              {
  12   2                      if(TF0==0){}
  13   2                      else{ 
  14   3                                      TF0=0;
  15   3                                      P1_0=~P1_0;
  16   3                              }
  17   2                      if(TF1==0){}
  18   2                      else{ TF1=0;P1_6=~P1_6;}
  19   2              }
  20   1      }


MODULE INFORMATION:   STATIC OVERLAYABLE
   CODE SIZE        =     33    ----
   CONSTANT SIZE    =   ----    ----
   XDATA SIZE       =   ----    ----
   PDATA SIZE       =   ----    ----
   DATA SIZE        =   ----    ----
   IDATA SIZE       =   ----    ----
   BIT SIZE         =   ----    ----
END OF MODULE INFORMATION.


C51 COMPILATION COMPLETE.  0 WARNING(S),  0 ERROR(S)
