C51 COMPILER V8.08   TEXT1                                                                 05/11/2010 12:14:53 PAGE 1   


C51 COMPILER V8.08, COMPILATION OF MODULE TEXT1
OBJECT MODULE PLACED IN Text1.OBJ
COMPILER INVOKED BY: C:\Keil\C51\BIN\C51.EXE Text1.c BROWSE DEBUG OBJECTEXTEND

line level    source

   1          #include<reg51cc01.h>
   2          int x;
   3          void ileri() interrupt 0
   4          {
   5   1      x++;
   6   1      }
   7          void geri() interrupt 1
   8          {
   9   1      x=P1;
  10   1      x--;
  11   1      }
  12           
  13          void main()
  14          {  
  15   1      
  16   1              P1=0;
  17   1              x=P1;
  18   1              EX0=1;
  19   1              EX1=1;
  20   1              EA=1;
  21   1              IT0=1;
  22   1              IT1=1;
  23   1              while(1)
  24   1              {
  25   2              P1=x;
  26   2              
  27   2              }
  28   1      }


MODULE INFORMATION:   STATIC OVERLAYABLE
   CODE SIZE        =     68    ----
   CONSTANT SIZE    =   ----    ----
   XDATA SIZE       =   ----    ----
   PDATA SIZE       =   ----    ----
   DATA SIZE        =      2    ----
   IDATA SIZE       =   ----    ----
   BIT SIZE         =   ----    ----
END OF MODULE INFORMATION.


C51 COMPILATION COMPLETE.  0 WARNING(S),  0 ERROR(S)
